<?xml version="1.0" encoding="UTF-8"?>
<testng-results ignored="0" total="1" passed="1" failed="0" skipped="0">
  <reporter-output>
  </reporter-output>
  <suite started-at="2024-02-26T21:30:26 IST" name="Suite" finished-at="2024-02-26T21:30:31 IST" duration-ms="5603">
    <groups>
    </groups>
    <test started-at="2024-02-26T21:30:26 IST" name="Test" finished-at="2024-02-26T21:30:31 IST" duration-ms="5603">
      <class name="org.Runner.TestRunner">
        <test-method signature="execution()[pri:0, instance:org.Runner.TestRunner@72f926e6]" started-at="2024-02-26T21:30:26 IST" name="execution" finished-at="2024-02-26T21:30:31 IST" duration-ms="5569" status="PASS">
          <reporter-output>
          </reporter-output>
        </test-method> <!-- execution -->
      </class> <!-- org.Runner.TestRunner -->
    </test> <!-- Test -->
  </suite> <!-- Suite -->
</testng-results>
